*** Using Compiler 'V5.06 update 7 (build 960)', folder: 'C:\Keil_v5\ARM\ARMCC\Bin'
Build target 'ATK-MW8266D'
compiling main.c...
..\..\User\temp.h(6): warning:  #1-D: last line of file ends without a newline
  #endif
..\..\User\http.h(4): warning:  #1-D: last line of file ends without a newline
  #endif
..\..\User\main.c(31): warning:  #223-D: function "temp_init" declared implicitly
      temp_init();                        /* 初始化温湿度传感器 */
..\..\User\main.c(44): warning:  #223-D: function "request_body" declared implicitly
              request_body(request);
..\..\User\main.c(46): warning:  #223-D: function "http_post" declared implicitly
              http_post(request, is_unvarnished);
..\..\User\main.c(49): warning:  #223-D: function "dht11_read_data" declared implicitly
              dht11_read_data(&temperature, &humidity);
..\..\User\main.c: 6 warnings, 0 errors
linking...
Program Size: Code=30192 RO-data=13184 RW-data=36 ZI-data=2244  
FromELF: creating hex file...
"..\..\Output\atk_f103.axf" - 0 Error(s), 6 Warning(s).
Build Time Elapsed:  00:00:02
